[Wed Mar 11 17:50:44 MDT 2020] - INFO passoff.ServerTest: 	Setting up Persistence Test...
[Wed Mar 11 17:50:44 MDT 2020] - INFO client.Proxy: 	Clear called
[Wed Mar 11 17:50:44 MDT 2020] - INFO client.Client: 	Post without Request Body called
[Wed Mar 11 17:50:44 MDT 2020] - INFO client.Client: 	Attempting to open connection to server
[Wed Mar 11 17:50:44 MDT 2020] - INFO client.Client: 	Connection opened to server
[Wed Mar 11 17:50:44 MDT 2020] - INFO client.Client: 	Setting request method to POST
[Wed Mar 11 17:50:44 MDT 2020] - INFO client.Client: 	Request method set to POST
[Wed Mar 11 17:50:44 MDT 2020] - INFO client.Client: 	Setting Do Output to true
[Wed Mar 11 17:50:44 MDT 2020] - INFO client.Client: 	Do Output set to true
[Wed Mar 11 17:50:44 MDT 2020] - INFO client.Client: 	Connecting to server
[Wed Mar 11 17:50:46 MDT 2020] - INFO passoff.ServerTest: 	Setting up File Handler Default Test...
[Wed Mar 11 17:50:46 MDT 2020] - INFO client.Proxy: 	Clear called
[Wed Mar 11 17:50:46 MDT 2020] - INFO client.Client: 	Post without Request Body called
[Wed Mar 11 17:50:46 MDT 2020] - INFO client.Client: 	Attempting to open connection to server
[Wed Mar 11 17:50:46 MDT 2020] - INFO client.Client: 	Connection opened to server
[Wed Mar 11 17:50:46 MDT 2020] - INFO client.Client: 	Setting request method to POST
[Wed Mar 11 17:50:46 MDT 2020] - INFO client.Client: 	Request method set to POST
[Wed Mar 11 17:50:46 MDT 2020] - INFO client.Client: 	Setting Do Output to true
[Wed Mar 11 17:50:46 MDT 2020] - INFO client.Client: 	Do Output set to true
[Wed Mar 11 17:50:46 MDT 2020] - INFO client.Client: 	Connecting to server
[Wed Mar 11 17:50:48 MDT 2020] - INFO passoff.ServerTest: 	Setting up Realistic Fill Death Test...
[Wed Mar 11 17:50:48 MDT 2020] - INFO client.Proxy: 	Clear called
[Wed Mar 11 17:50:48 MDT 2020] - INFO client.Client: 	Post without Request Body called
[Wed Mar 11 17:50:48 MDT 2020] - INFO client.Client: 	Attempting to open connection to server
[Wed Mar 11 17:50:48 MDT 2020] - INFO client.Client: 	Connection opened to server
[Wed Mar 11 17:50:48 MDT 2020] - INFO client.Client: 	Setting request method to POST
[Wed Mar 11 17:50:48 MDT 2020] - INFO client.Client: 	Request method set to POST
[Wed Mar 11 17:50:48 MDT 2020] - INFO client.Client: 	Setting Do Output to true
[Wed Mar 11 17:50:48 MDT 2020] - INFO client.Client: 	Do Output set to true
[Wed Mar 11 17:50:48 MDT 2020] - INFO client.Client: 	Connecting to server
[Wed Mar 11 17:50:50 MDT 2020] - INFO passoff.ServerTest: 	Setting up Login Invalid User Test...
[Wed Mar 11 17:50:50 MDT 2020] - INFO client.Proxy: 	Clear called
[Wed Mar 11 17:50:50 MDT 2020] - INFO client.Client: 	Post without Request Body called
[Wed Mar 11 17:50:50 MDT 2020] - INFO client.Client: 	Attempting to open connection to server
[Wed Mar 11 17:50:50 MDT 2020] - INFO client.Client: 	Connection opened to server
[Wed Mar 11 17:50:50 MDT 2020] - INFO client.Client: 	Setting request method to POST
[Wed Mar 11 17:50:50 MDT 2020] - INFO client.Client: 	Request method set to POST
[Wed Mar 11 17:50:50 MDT 2020] - INFO client.Client: 	Setting Do Output to true
[Wed Mar 11 17:50:50 MDT 2020] - INFO client.Client: 	Do Output set to true
[Wed Mar 11 17:50:50 MDT 2020] - INFO client.Client: 	Connecting to server
